============================= test session starts =============================
platform win32 -- Python 3.11.8, pytest-8.3.4, pluggy-1.6.0
rootdir: D:\Quran_matrix
configfile: pytest.ini
plugins: anyio-4.11.0, Faker-37.8.0, langsmith-0.4.41, asyncio-1.2.0, cov-7.0.0, mock-3.15.1, requests-mock-1.12.1
asyncio: mode=Mode.AUTO, debug=False, asyncio_default_fixture_loop_scope=function, asyncio_default_test_loop_scope=function
collected 685 items

tests\phase0\test_quran_schema.py ....                                   [  0%]
tests\phase1\test_normalization.py .........................             [  4%]
tests\phase2\test_lexeme_index.py ...................                    [  7%]
tests\phase3\test_behavior_registry.py ...................               [  9%]
tests\phase4\test_concept_index_v3.py ....................               [ 12%]
tests\phase5\test_validation_gates.py ...................                [ 15%]
tests\phase6\test_tafsir_coverage.py ............                        [ 17%]
tests\phase7\test_graph_projection.py ..................                 [ 19%]
tests\phase8\test_all_behaviors_contract.py ............................ [ 23%]
........................................................................ [ 34%]
........................................................................ [ 44%]
........................................................................ [ 55%]
........................................................................ [ 65%]
........................................................................ [ 76%]
........................................................................ [ 87%]
......................................................                   [ 94%]
tests\phase8\test_behavior_patience_retrieval.py ...........             [ 96%]
tests\phase9\test_integration_v3.py ........................             [100%]

============================ 685 passed in 21.33s =============================
